[debug] [2017-06-13T00:40:49.518Z] ----------------------------------------------------------------------
[debug] [2017-06-13T00:40:49.521Z] Command:      /usr/bin/nodejs /usr/bin/firebase deploy
[debug] [2017-06-13T00:40:49.521Z] CLI Version:  3.9.1
[debug] [2017-06-13T00:40:49.521Z] Platform:     linux
[debug] [2017-06-13T00:40:49.521Z] Node Version: v6.10.3
[debug] [2017-06-13T00:40:49.521Z] Time:         Mon Jun 12 2017 17:40:49 GMT-0700 (PDT)
[debug] [2017-06-13T00:40:49.521Z] ----------------------------------------------------------------------
[debug] 
[debug] [2017-06-13T00:40:49.532Z] > command requires scopes: ["email","openid","https://www.googleapis.com/auth/cloudplatformprojects.readonly","https://www.googleapis.com/auth/firebase","https://www.googleapis.com/auth/cloud-platform"]
[debug] [2017-06-13T00:40:49.532Z] > authorizing via signed-in user
[debug] [2017-06-13T00:40:49.534Z] > refreshing access token with scopes: ["email","https://www.googleapis.com/auth/cloud-platform","https://www.googleapis.com/auth/cloudplatformprojects.readonly","https://www.googleapis.com/auth/firebase","openid"]
[debug] [2017-06-13T00:40:49.534Z] >>> HTTP REQUEST POST https://www.googleapis.com/oauth2/v3/token { refresh_token: '1/Svzj3vi05jIGFsW4TzFRWNpA4B60WD2EImjUFWOeQTKA1mrcQj2Q4JP-g8ftotne',
  client_id: '563584335869-fgrhgmd47bqnekij5i8b5pr03ho849e6.apps.googleusercontent.com',
  client_secret: 'j9iVZfS8kkCEFUPaAeJV0sAi',
  grant_type: 'refresh_token',
  scope: 'email https://www.googleapis.com/auth/cloud-platform https://www.googleapis.com/auth/cloudplatformprojects.readonly https://www.googleapis.com/auth/firebase openid' } 
 Mon Jun 12 2017 17:40:49 GMT-0700 (PDT)
[debug] [2017-06-13T00:40:49.827Z] <<< HTTP RESPONSE 200
[debug] [2017-06-13T00:40:49.838Z] >>> HTTP REQUEST GET https://admin.firebase.com/v1/projects/renote-633e0  
 Mon Jun 12 2017 17:40:49 GMT-0700 (PDT)
